2019/05/03 17:52:37.017 [main] [] INFO  webby.webbyApplication - webby has read all properties
2019/05/03 17:52:37.018 [main] [] INFO  webby.webbyApplication - webby is scanning annotation
2019/05/03 17:52:37.083 [main] [] INFO  webby.webbyApplication - webby has scanned all annotation
2019/05/03 17:52:38.472 [main] [] INFO  webby.server.HttpServer - webby has set up, it takes 1518 millisecond
2019/05/03 17:52:38.473 [main] [] INFO  webby.server.HttpServer -
////////////////////////////////////////////////////////////////////
//							_ooOoo_								  //
//						   o8888888o							  //	
//						   88" . "88							  //	
//						   (| ^_^ |)							  //	
//						   O\  =  /O							  //
//						____/`---'\____							  //						
//					  .'  \\|     |//  `.						  //
//					 /  \\|||  :  |||//  \						  //	
//				    /  _||||| -:- |||||-  \						  //
//				    |   | \\\  -  /// |   |						  //
//					| \_|  ''\---/''  |   |						  //		
//					\  .-\__  `-`  ___/-. /						  //		
//				  ___`. .'  /--.--\  `. . ___					  //	
//				."" '<  `.___\_<|>_/___.'  >'"".				  //
//			  | | :  `- \`.;`\ _ /`;.`/ - ` : | |				  //	
//			  \  \ `-.   \_ __\ /__ _/   .-` /  /                 //
//		========`-.____`-.___\_____/___.-`____.-'========		  //	
//				             `=---='                              //
//		^^^^^^^^^^^^^^^^^^^^^^^^^^^^^^^^^^^^^^^^^^^^^^^^^^        //
//                     佛祖保佑       永无BUG						  //
////////////////////////////////////////////////////////////////////
