2019/05/03 20:12:54.635 [main] [] INFO  webby.WebbyApplication - webby has read all properties
2019/05/03 20:12:54.636 [main] [] INFO  webby.WebbyApplication - webby is scanning annotation
2019/05/03 20:12:54.699 [main] [] INFO  webby.WebbyApplication - webby has scanned all annotation
2019/05/03 20:12:56.077 [main] [] INFO  webby.server.HttpServer - webby has set up, it takes 1502 millisecond
2019/05/03 20:12:56.079 [main] [] INFO  webby.server.HttpServer - 
////////////////////////////////////////////////////////////////////
//							_ooOoo_								  //
//						   o8888888o							  //	
//						   88" . "88							  //	
//						   (| ^_^ |)							  //	
//						   O\  =  /O							  //
//						____/`---'\____							  //						
//					  .'  \\|     |//  `.						  //
//					 /  \\|||  :  |||//  \						  //	
//				    /  _||||| -:- |||||-  \						  //
//				    |   | \\\  -  /// |   |						  //
//					| \_|  ''\---/''  |   |						  //		
//					\  .-\__  `-`  ___/-. /						  //		
//				  ___`. .'  /--.--\  `. . ___					  //	
//				."" '<  `.___\_<|>_/___.'  >'"".				  //
//			  | | :  `- \`.;`\ _ /`;.`/ - ` : | |				  //	
//			  \  \ `-.   \_ __\ /__ _/   .-` /  /                 //
//		========`-.____`-.___\_____/___.-`____.-'========		  //	
//				             `=---='                              //
//		^^^^^^^^^^^^^^^^^^^^^^^^^^^^^^^^^^^^^^^^^^^^^^^^^^        //
//                     佛祖保佑       永无BUG						  //
////////////////////////////////////////////////////////////////////
2019/05/03 20:13:00.304 [nioEventLoopGroup-3-3] [] WARN  webby.server.HttpHandler - {}
webby.web.exception.NotFoundException: null
	at webby.web.TransactionHandler.handle(TransactionHandler.java:36)
	at webby.server.HttpHandler.channelRead0(HttpHandler.java:35)
	at io.netty.channel.SimpleChannelInboundHandler.channelRead(SimpleChannelInboundHandler.java:105)
	at io.netty.channel.AbstractChannelHandlerContext.invokeChannelRead(AbstractChannelHandlerContext.java:362)
	at io.netty.channel.AbstractChannelHandlerContext.invokeChannelRead(AbstractChannelHandlerContext.java:348)
	at io.netty.channel.AbstractChannelHandlerContext.fireChannelRead(AbstractChannelHandlerContext.java:340)
	at io.netty.channel.ChannelInboundHandlerAdapter.channelRead(ChannelInboundHandlerAdapter.java:86)
	at io.netty.channel.AbstractChannelHandlerContext.invokeChannelRead(AbstractChannelHandlerContext.java:362)
	at io.netty.channel.AbstractChannelHandlerContext.invokeChannelRead(AbstractChannelHandlerContext.java:348)
	at io.netty.channel.AbstractChannelHandlerContext.fireChannelRead(AbstractChannelHandlerContext.java:340)
	at io.netty.handler.codec.MessageToMessageDecoder.channelRead(MessageToMessageDecoder.java:102)
	at io.netty.channel.AbstractChannelHandlerContext.invokeChannelRead(AbstractChannelHandlerContext.java:362)
	at io.netty.channel.AbstractChannelHandlerContext.invokeChannelRead(AbstractChannelHandlerContext.java:348)
	at io.netty.channel.AbstractChannelHandlerContext.fireChannelRead(AbstractChannelHandlerContext.java:340)
	at io.netty.handler.codec.MessageToMessageDecoder.channelRead(MessageToMessageDecoder.java:102)
	at io.netty.channel.AbstractChannelHandlerContext.invokeChannelRead(AbstractChannelHandlerContext.java:362)
	at io.netty.channel.AbstractChannelHandlerContext.invokeChannelRead(AbstractChannelHandlerContext.java:348)
	at io.netty.channel.AbstractChannelHandlerContext.fireChannelRead(AbstractChannelHandlerContext.java:340)
	at io.netty.handler.codec.ByteToMessageDecoder.fireChannelRead(ByteToMessageDecoder.java:323)
	at io.netty.handler.codec.ByteToMessageDecoder.channelRead(ByteToMessageDecoder.java:297)
	at io.netty.channel.AbstractChannelHandlerContext.invokeChannelRead(AbstractChannelHandlerContext.java:362)
	at io.netty.channel.AbstractChannelHandlerContext.invokeChannelRead(AbstractChannelHandlerContext.java:348)
	at io.netty.channel.AbstractChannelHandlerContext.fireChannelRead(AbstractChannelHandlerContext.java:340)
	at io.netty.channel.DefaultChannelPipeline$HeadContext.channelRead(DefaultChannelPipeline.java:1434)
	at io.netty.channel.AbstractChannelHandlerContext.invokeChannelRead(AbstractChannelHandlerContext.java:362)
	at io.netty.channel.AbstractChannelHandlerContext.invokeChannelRead(AbstractChannelHandlerContext.java:348)
	at io.netty.channel.DefaultChannelPipeline.fireChannelRead(DefaultChannelPipeline.java:965)
	at io.netty.channel.nio.AbstractNioByteChannel$NioByteUnsafe.read(AbstractNioByteChannel.java:163)
	at io.netty.channel.nio.NioEventLoop.processSelectedKey(NioEventLoop.java:648)
	at io.netty.channel.nio.NioEventLoop.processSelectedKeysOptimized(NioEventLoop.java:583)
	at io.netty.channel.nio.NioEventLoop.processSelectedKeys(NioEventLoop.java:500)
	at io.netty.channel.nio.NioEventLoop.run(NioEventLoop.java:462)
	at io.netty.util.concurrent.SingleThreadEventExecutor$5.run(SingleThreadEventExecutor.java:897)
	at io.netty.util.concurrent.FastThreadLocalRunnable.run(FastThreadLocalRunnable.java:30)
	at java.lang.Thread.run(Thread.java:748)
